2025-04-09 05:46:37,156 - INFO - app - {"timestamp": "2025-04-09T08:46:37.156714Z", "level": "INFO", "request_id": "6f6c4670-750a-48e7-bee6-4c65efdfdd3d", "type": "RequestStatus", "data": {"method": "GET", "path": "/users/", "response_code": 200, "duration_ms": 14, "message": "GET /users/ completed"}}
2025-04-09 05:49:32,553 - INFO - FASTAPI - 📁 Banco já existe, sem necessidade de criar.
2025-04-09 05:51:16,360 - INFO - FASTAPI - {"timestamp": "2025-04-09T08:51:16.360721Z", "level": "INFO", "request_id": "c09cb850-fef4-4142-84df-cf8a6f6cf8e9", "type": "RequestStatus", "data": {"method": "GET", "path": "/users/", "response_code": 200, "duration_ms": 12, "message": "GET /users/ completed"}}
2025-04-09 06:47:19,624 - INFO - FASTAPI - 📁 Banco já existe, sem necessidade de criar.
2025-04-09 06:47:26,224 - INFO - FASTAPI - {"timestamp": "2025-04-09T09:47:26.224331Z", "level": "INFO", "request_id": "e6ab870f-5edb-4859-88ed-23859e0abda2", "type": "RequestStatus", "data": {"method": "GET", "path": "/docs", "response_code": 200, "duration_ms": 1, "message": "GET /docs completed"}}
2025-04-09 06:47:27,019 - INFO - FASTAPI - {"timestamp": "2025-04-09T09:47:27.019504Z", "level": "INFO", "request_id": "2d46e872-d326-48f1-8062-90b8c2672036", "type": "RequestStatus", "data": {"method": "GET", "path": "/openapi.json", "response_code": 200, "duration_ms": 10, "message": "GET /openapi.json completed"}}
2025-04-09 06:47:33,430 - INFO - FASTAPI - {"timestamp": "2025-04-09T09:47:33.430460Z", "level": "INFO", "request_id": "dba5643a-eafd-4c1a-8859-b36075fffbbc", "type": "RequestStatus", "data": {"method": "GET", "path": "/users/", "response_code": 200, "duration_ms": 13, "message": "GET /users/ completed"}}
2025-04-09 06:47:34,761 - INFO - FASTAPI - {"timestamp": "2025-04-09T09:47:34.761000Z", "level": "INFO", "request_id": "4090e7fc-5ad5-4d78-b239-66e4dec1dc2e", "type": "RequestStatus", "data": {"method": "GET", "path": "/users/", "response_code": 200, "duration_ms": 2, "message": "GET /users/ completed"}}
2025-04-09 06:47:47,077 - INFO - FASTAPI - {"timestamp": "2025-04-09T09:47:47.077298Z", "level": "INFO", "request_id": "d7043576-7972-4ac6-a9b1-c28fb97fd23c", "type": "RequestStatus", "data": {"method": "GET", "path": "/users/", "response_code": 200, "duration_ms": 3, "message": "GET /users/ completed"}}
2025-04-09 06:48:21,383 - INFO - FASTAPI - 📁 Banco já existe, sem necessidade de criar.
2025-04-09 06:48:24,853 - INFO - FASTAPI - {"timestamp": "2025-04-09T09:48:24.853425Z", "level": "INFO", "request_id": "ad2bb551-0cc3-4663-b309-2ac23acc188c", "type": "RequestStatus", "data": {"method": "GET", "path": "/docs", "response_code": 200, "duration_ms": 1, "message": "GET /docs completed"}}
2025-04-09 06:48:25,245 - INFO - FASTAPI - {"timestamp": "2025-04-09T09:48:25.245591Z", "level": "INFO", "request_id": "de283d62-5c68-4bcc-a240-3423fe9587af", "type": "RequestStatus", "data": {"method": "GET", "path": "/openapi.json", "response_code": 200, "duration_ms": 19, "message": "GET /openapi.json completed"}}
2025-04-09 06:50:11,851 - INFO - FASTAPI - {"timestamp": "2025-04-09T09:50:11.851789Z", "level": "INFO", "request_id": "", "type": "Log", "data": {"message": "\ud83d\udcc1 Banco j\u00e1 existe, sem necessidade de criar."}}
2025-04-09 06:50:26,577 - INFO - FASTAPI - {"timestamp": "2025-04-09T09:50:26.577676Z", "level": "INFO", "request_id": "", "type": "Log", "data": {"message": "\ud83d\udcc1 Banco j\u00e1 existe, sem necessidade de criar."}}
2025-04-09 06:53:52,135 - INFO - FASTAPI - {"timestamp": "2025-04-09T09:53:52.135302Z", "level": "INFO", "request_id": "", "type": "Log", "data": {"message": "\ud83d\udcc1 Banco j\u00e1 existe, sem necessidade de criar."}}
2025-04-09 06:53:57,377 - INFO - FASTAPI - {"timestamp": "2025-04-09T09:53:57.377822Z", "level": "INFO", "request_id": "", "type": "Log", "data": {"message": "\ud83d\udcc1 Banco j\u00e1 existe, sem necessidade de criar."}}
2025-04-09 06:54:25,406 - INFO - FASTAPI - {"timestamp": "2025-04-09T09:54:25.406436Z", "level": "INFO", "request_id": "", "type": "Log", "data": {"message": "\ud83d\udcc1 Banco j\u00e1 existe, sem necessidade de criar."}}
2025-04-09 06:54:39,393 - INFO - FASTAPI - {"timestamp": "2025-04-09T09:54:39.393636Z", "level": "INFO", "request_id": "", "type": "Log", "data": {"message": "\ud83d\udcc1 Banco j\u00e1 existe, sem necessidade de criar."}}
2025-04-09 06:54:42,846 - INFO - FASTAPI - {"timestamp": "2025-04-09T09:54:42.846433Z", "level": "INFO", "request_id": "", "type": "Log", "data": {"message": "\ud83d\udcc1 Banco j\u00e1 existe, sem necessidade de criar."}}
2025-04-09 06:54:59,763 - INFO - FASTAPI - {"timestamp": "2025-04-09T09:54:59.763458Z", "level": "INFO", "request_id": "", "type": "Log", "data": {"message": "\ud83d\udcc1 Banco j\u00e1 existe, sem necessidade de criar."}}
2025-04-09 06:55:12,055 - INFO - FASTAPI - {"timestamp": "2025-04-09T09:55:12.055592Z", "level": "INFO", "request_id": "", "type": "Log", "data": {"message": "\ud83d\udcc1 Banco j\u00e1 existe, sem necessidade de criar."}}
2025-04-09 06:55:23,123 - INFO - FASTAPI - {"timestamp": "2025-04-09T09:55:23.122960Z", "level": "INFO", "request_id": "", "type": "Log", "data": {"message": "\ud83d\udcc1 Banco j\u00e1 existe, sem necessidade de criar."}}
2025-04-09 06:56:06,251 - INFO - FASTAPI - {"timestamp": "2025-04-09T09:56:06.251302Z", "level": "INFO", "request_id": "", "type": "Log", "data": {"message": "\ud83d\udcc1 Banco j\u00e1 existe, sem necessidade de criar."}}
2025-04-09 06:56:24,162 - INFO - FASTAPI - {"timestamp": "2025-04-09T09:56:24.162909Z", "level": "INFO", "request_id": "bbedfdad-fd32-4fc3-b18a-d27765ea51c4", "type": "RequestStatus", "data": {"method": "GET", "path": "/users/", "response_code": 200, "duration_ms": 13, "message": "GET /users/ completed"}}
2025-04-09 06:56:25,675 - INFO - FASTAPI - {"timestamp": "2025-04-09T09:56:25.675816Z", "level": "INFO", "request_id": "38e12460-9bf1-4b37-81c4-f657f7a865d6", "type": "RequestStatus", "data": {"method": "GET", "path": "/users/", "response_code": 200, "duration_ms": 3, "message": "GET /users/ completed"}}
2025-04-09 06:57:04,685 - INFO - FASTAPI - {"timestamp": "2025-04-09T09:57:04.685129Z", "level": "INFO", "request_id": "", "type": "Log", "data": {"message": "\ud83d\udcc1 Banco j\u00e1 existe, sem necessidade de criar."}}
2025-04-09 06:57:40,316 - INFO - FASTAPI - {"timestamp": "2025-04-09T09:57:40.316104Z", "level": "INFO", "request_id": "", "type": "Log", "data": {"message": "\ud83d\udcc1 Banco j\u00e1 existe, sem necessidade de criar."}}
2025-04-09 06:59:54,278 - INFO - FASTAPI - {"timestamp": "2025-04-09T09:59:54.278725Z", "level": "INFO", "request_id": "", "type": "Log", "data": {"message": "\ud83d\udcc1 Banco j\u00e1 existe, sem necessidade de criar."}}
2025-04-09 07:01:42,578 - INFO - FASTAPI - {"timestamp": "2025-04-09T10:01:42.578937Z", "level": "INFO", "request_id": "", "type": "Log", "data": {"message": "\ud83d\udcc1 Banco j\u00e1 existe, sem necessidade de criar."}}
2025-04-09 07:01:51,354 - INFO - FASTAPI - {"timestamp": "2025-04-09T10:01:51.353952Z", "level": "INFO", "request_id": "", "type": "Log", "data": {"message": "\ud83d\udcc1 Banco j\u00e1 existe, sem necessidade de criar."}}
2025-04-09 07:01:54,690 - INFO - FASTAPI - {"timestamp": "2025-04-09T10:01:54.690702Z", "level": "INFO", "request_id": "b5ea13a3-4799-44ba-97df-efdde7e285e7", "type": "Log", "data": {"message": "Buscando todos os usu\u00e1rios"}}
2025-04-09 07:01:54,701 - INFO - FASTAPI - {"timestamp": "2025-04-09T10:01:54.701003Z", "level": "INFO", "request_id": "b5ea13a3-4799-44ba-97df-efdde7e285e7", "type": "RequestStatus", "data": {"method": "GET", "path": "/users/", "response_code": 200, "duration_ms": 14, "message": "GET /users/ completed"}}
